<?xml version="1.0" encoding="UTF-8"?>
<testsuite xmlns:xsi="http://www.w3.org/2001/XMLSchema-instance" xsi:noNamespaceSchemaLocation="https://maven.apache.org/surefire/maven-surefire-plugin/xsd/surefire-test-report-3.0.xsd" version="3.0" name="com.seoulmetro.safetykeeper.common.vo.traininfo.TrainFilterTest" time="0.067" tests="1" errors="0" skipped="0" failures="0">
  <properties>
[...]
</properties>
  <testcase name="testStation" classname="com.seoulmetro.safetykeeper.common.vo.traininfo.TrainFilterTest" time="0.014">
    <system-out><![CDATA[1002
]]></system-out>
  </testcase>
</testsuite>